<?xml version="1.0" encoding="UTF-8"?>
<testng-results ignored="0" total="1" passed="1" failed="0" skipped="0">
  <reporter-output>
  </reporter-output>
  <suite started-at="2022-05-26T17:46:48 IST" name="Default suite" finished-at="2022-05-26T17:47:12 IST" duration-ms="23646">
    <groups>
    </groups>
    <test started-at="2022-05-26T17:46:48 IST" name="Default test" finished-at="2022-05-26T17:47:12 IST" duration-ms="23646">
      <class name="testscripts.DriverScript">
        <test-method is-config="true" signature="initialize()[pri:0, instance:testscripts.DriverScript@2e6a8155]" started-at="2022-05-26T17:46:48 IST" name="initialize" finished-at="2022-05-26T17:46:49 IST" duration-ms="121" status="PASS">
          <reporter-output>
          </reporter-output>
        </test-method> <!-- initialize -->
        <test-method signature="testApp()[pri:0, instance:testscripts.DriverScript@2e6a8155]" started-at="2022-05-26T17:46:49 IST" name="testApp" finished-at="2022-05-26T17:47:12 IST" duration-ms="23272" status="PASS">
          <reporter-output>
          </reporter-output>
        </test-method> <!-- testApp -->
        <test-method is-config="true" signature="endScript()[pri:0, instance:testscripts.DriverScript@2e6a8155]" started-at="2022-05-26T17:47:12 IST" name="endScript" finished-at="2022-05-26T17:47:12 IST" duration-ms="130" status="PASS">
          <reporter-output>
          </reporter-output>
        </test-method> <!-- endScript -->
      </class> <!-- testscripts.DriverScript -->
    </test> <!-- Default test -->
  </suite> <!-- Default suite -->
</testng-results>
